<?xml version="1.0" encoding="UTF-8"?>
<!-- Generated by org.testng.reporters.JUnitReportReporter -->
<testsuite skipped="0" hostname="sudheer-PC" name="testng.CaptureScreenShot" tests="1" failures="0" timestamp="16 Oct 2017 08:28:06 GMT" time="3.393" errors="0">
  <testcase name="links" time="3.393" classname="testng.CaptureScreenShot"/>
</testsuite> <!-- testng.CaptureScreenShot -->
